0 info it worked if it ends with ok
1 verbose cli [ '/usr/bin/nodejs', '/usr/bin/npm', 'install', 'decrypter', '-g' ]
2 info using npm@1.4.21
3 info using node@v0.10.25
4 verbose cache add [ 'decrypter', null ]
5 verbose cache add name=undefined spec="decrypter" args=["decrypter",null]
6 verbose parsed url { protocol: null,
6 verbose parsed url   slashes: null,
6 verbose parsed url   auth: null,
6 verbose parsed url   host: null,
6 verbose parsed url   port: null,
6 verbose parsed url   hostname: null,
6 verbose parsed url   hash: null,
6 verbose parsed url   search: null,
6 verbose parsed url   query: null,
6 verbose parsed url   pathname: 'decrypter',
6 verbose parsed url   path: 'decrypter',
6 verbose parsed url   href: 'decrypter' }
7 silly lockFile 3eb1465a-decrypter decrypter
8 verbose lock decrypter /home/zdravko/.npm/3eb1465a-decrypter.lock
9 silly lockFile 3eb1465a-decrypter decrypter
10 silly lockFile 3eb1465a-decrypter decrypter
11 verbose addNamed [ 'decrypter', '' ]
12 verbose addNamed [ null, '*' ]
13 silly lockFile 21b57c27-decrypter decrypter@
14 verbose lock decrypter@ /home/zdravko/.npm/21b57c27-decrypter.lock
15 silly addNameRange { name: 'decrypter', range: '*', hasData: false }
16 verbose request where is /decrypter
17 verbose request registry https://registry.npmjs.org/
18 verbose request id 572ac3c7b16f8e08
19 verbose url raw /decrypter
20 verbose url resolving [ 'https://registry.npmjs.org/', './decrypter' ]
21 verbose url resolved https://registry.npmjs.org/decrypter
22 verbose request where is https://registry.npmjs.org/decrypter
23 info trying registry request attempt 1 at 11:44:19
24 http GET https://registry.npmjs.org/decrypter
25 http 404 https://registry.npmjs.org/decrypter
26 verbose headers { server: 'CouchDB/1.5.0 (Erlang OTP/R16B03)',
26 verbose headers   'content-type': 'application/json',
26 verbose headers   'cache-control': 'max-age=0',
26 verbose headers   'content-length': '51',
26 verbose headers   'accept-ranges': 'bytes',
26 verbose headers   date: 'Tue, 14 Jul 2015 09:44:19 GMT',
26 verbose headers   via: '1.1 varnish',
26 verbose headers   age: '0',
26 verbose headers   connection: 'keep-alive',
26 verbose headers   'x-served-by': 'cache-fra1245-FRA',
26 verbose headers   'x-cache': 'MISS',
26 verbose headers   'x-cache-hits': '0',
26 verbose headers   'x-timer': 'S1436867059.564516,VS0,VE428' }
27 silly registry.get cb [ 404,
27 silly registry.get   { server: 'CouchDB/1.5.0 (Erlang OTP/R16B03)',
27 silly registry.get     'content-type': 'application/json',
27 silly registry.get     'cache-control': 'max-age=0',
27 silly registry.get     'content-length': '51',
27 silly registry.get     'accept-ranges': 'bytes',
27 silly registry.get     date: 'Tue, 14 Jul 2015 09:44:19 GMT',
27 silly registry.get     via: '1.1 varnish',
27 silly registry.get     age: '0',
27 silly registry.get     connection: 'keep-alive',
27 silly registry.get     'x-served-by': 'cache-fra1245-FRA',
27 silly registry.get     'x-cache': 'MISS',
27 silly registry.get     'x-cache-hits': '0',
27 silly registry.get     'x-timer': 'S1436867059.564516,VS0,VE428' } ]
28 silly lockFile 21b57c27-decrypter decrypter@
29 silly lockFile 21b57c27-decrypter decrypter@
30 error 404 404 Not Found: decrypter
30 error 404
30 error 404 'decrypter' is not in the npm registry.
30 error 404 You should bug the author to publish it
30 error 404
30 error 404 Note that you can also install from a
30 error 404 tarball, folder, or http url, or git url.
31 error System Linux 3.19.0-18-generic
32 error command "/usr/bin/nodejs" "/usr/bin/npm" "install" "decrypter" "-g"
33 error cwd /home/zdravko/Dropbox/Cpp_Programi/Nodejs/Encrypter
34 error node -v v0.10.25
35 error npm -v 1.4.21
36 error code E404
37 verbose exit [ 1, true ]
